<?xml version="1.0" encoding="UTF-8" ?>
<testsuite tests="10" failures="0" name="lab.oodp.oop.test.TestBooleanExpression" time="0" errors="0" skipped="0">
  <properties>
[...]
</properties>
  <testcase classname="lab.oodp.oop.test.TestBooleanExpression" name="testTestForYesInvalid" time="0"/>
  <testcase classname="lab.oodp.oop.test.TestBooleanExpression" name="testIsTSwizzleValid" time="0"/>
  <testcase classname="lab.oodp.oop.test.TestBooleanExpression" name="testStartsWithAValid" time="0"/>
  <testcase classname="lab.oodp.oop.test.TestBooleanExpression" name="testTestForYesValid" time="0"/>
  <testcase classname="lab.oodp.oop.test.TestBooleanExpression" name="testIsCorrectYearValid" time="0"/>
  <testcase classname="lab.oodp.oop.test.TestBooleanExpression" name="testIsCorrectYearInvalid" time="0"/>
  <testcase classname="lab.oodp.oop.test.TestBooleanExpression" name="testStartsWithAInvalid" time="0"/>
  <testcase classname="lab.oodp.oop.test.TestBooleanExpression" name="testTestForOddInvalid" time="0"/>
  <testcase classname="lab.oodp.oop.test.TestBooleanExpression" name="testIsTSwizzleInvalid" time="0"/>
  <testcase classname="lab.oodp.oop.test.TestBooleanExpression" name="testTestForOddValid" time="0"/>
</testsuite>